<?xml version="1.0" encoding="UTF-8"?>
<!-- Generated by org.testng.reporters.JUnitXMLReporter -->
<testsuite ignored="4" hostname="Viresh" failures="0" tests="0" time="0.021" errors="0" timestamp="2026-06-09T11:00:02 IST">
  <testcase classname="baseTest.BaseClass" name="@BeforeSuite beforeSuite" time="0.0">
    <ignored/>
  </testcase> <!-- @BeforeSuite beforeSuite -->
  <testcase classname="testCase.TC_02_AddLowestProdcutToCart" name="toaddLowestProdcutToCartTest" time="0.0">
    <ignored/>
  </testcase> <!-- toaddLowestProdcutToCartTest -->
  <testcase classname="baseTest.BaseClass" name="@AfterSuite afterSuite" time="0.0">
    <ignored/>
  </testcase> <!-- @AfterSuite afterSuite -->
  <testcase classname="testCase.TC_01_AddProductToCart" name="toaddProdToCartTest" time="0.0">
    <ignored/>
  </testcase> <!-- toaddProdToCartTest -->
</testsuite>
