<?xml version="1.0" encoding="UTF-8"?>
<!-- Generated by org.testng.reporters.JUnitReportReporter -->
<testsuite hostname="Viresh" failures="0" tests="4" name="testng.InvCount" time="22.379" errors="0" timestamp="2026-06-04T11:01:03 IST" skipped="0">
  <testcase classname="testng.InvCount" name="login" time="4.296"/>
  <testcase classname="testng.InvCount" name="login" time="5.034"/>
  <testcase classname="testng.InvCount" name="login" time="6.502"/>
  <testcase classname="testng.InvCount" name="login" time="6.547"/>
</testsuite> <!-- testng.InvCount -->
