<?xml version="1.0" encoding="UTF-8"?>
<!-- Generated by org.testng.reporters.JUnitReportReporter -->
<testsuite hostname="Viresh" failures="0" tests="1" name="testCase.TC_01_AddProductToCart" time="3.948" errors="0" timestamp="2026-06-11T11:44:36 IST" skipped="0">
  <testcase classname="testCase.TC_01_AddProductToCart" name="toaddProdToCartTest" time="3.948"/>
  <system-out>
    <![CDATA[DB open
launch browser
login
logout
close browser
DB close]]>
  </system-out>
</testsuite> <!-- testCase.TC_01_AddProductToCart -->
