<?xml version="1.0" encoding="UTF-8"?>
<!-- Generated by org.testng.reporters.JUnitReportReporter -->
<testsuite hostname="Viresh" failures="0" tests="3" name="testng.Depends" time="0.031" errors="0" timestamp="2026-06-04T11:22:20 IST" skipped="0">
  <testcase classname="testng.Depends" name="createacc" time="0.023">
    <system-out>
      <![CDATA[created]]>
    </system-out>
  </testcase> <!-- createacc -->
  <testcase classname="testng.Depends" name="editacc" time="0.005">
    <system-out>
      <![CDATA[edited]]>
    </system-out>
  </testcase> <!-- editacc -->
  <testcase classname="testng.Depends" name="deleteacc" time="0.003">
    <system-out>
      <![CDATA[deleted]]>
    </system-out>
  </testcase> <!-- deleteacc -->
  <system-out>
    <![CDATA[created
edited
deleted]]>
  </system-out>
</testsuite> <!-- testng.Depends -->
