<?xml version="1.0" encoding="UTF-8"?>
<!-- Generated by org.testng.reporters.JUnitReportReporter -->
<testsuite hostname="Viresh" failures="0" tests="3" name="testng.Demo" time="0.048" errors="0" timestamp="2026-06-04T11:06:17 IST" skipped="1">
  <testcase classname="testng.Demo" name="sub" time="0.041">
    <system-out>
      <![CDATA[sub]]>
    </system-out>
  </testcase> <!-- sub -->
  <testcase classname="testng.Demo" name="mul" time="0.007">
    <system-out>
      <![CDATA[mul]]>
    </system-out>
  </testcase> <!-- mul -->
  <testcase classname="testng.Demo" name="add">
    <skipped/>
  </testcase> <!-- add -->
  <system-out>
    <![CDATA[sub
mul]]>
  </system-out>
</testsuite> <!-- testng.Demo -->
